
WARNING: apt does not have a stable CLI interface. Use with caution in scripts.

Reading package lists...
Building dependency tree...
Reading state information...
Calculating upgrade...
Get more security updates through Ubuntu Pro with 'esm-apps' enabled:
  libmagickcore-6.q16-7t64 libqt5xml5t64 qt5-gtk-platformtheme imagemagick
  libmagickcore-6.q16-7-extra libqt5qml5 libqt5quick5 libopenexr-3-1-30
  libqt5gui5t64 libgraphicsmagick++-q16-12t64 libqt5widgets5t64
  imagemagick-6.q16 libqt5dbus5t64 libqt5network5t64 imagemagick-6-common
  libqt5qmlmodels5 mupdf-tools libglut3.12 libgraphicsmagick-q16-3t64
  libqt5core5t64 libmagickwand-6.q16-7t64
Learn more about Ubuntu Pro at https://ubuntu.com/pro
The following upgrades have been deferred due to phasing:
  libfprint-2-2 libfprint-2-tod1
0 upgraded, 0 newly installed, 0 to remove and 2 not upgraded.
1 not fully installed or removed.
After this operation, 0 B of additional disk space will be used.
Setting up broadcom-sta-dkms (6.30.223.271-23ubuntu1.1) ...
Removing old broadcom-sta-6.30.223.271 DKMS files...
Deleting module broadcom-sta-6.30.223.271 completely from the DKMS tree.
Loading new broadcom-sta-6.30.223.271 DKMS files...
Building for 6.17.0-35-generic
Building initial module for 6.17.0-35-generic
ERROR: Cannot create report: [Errno 17] File exists: '/var/crash/broadcom-sta-dkms.0.crash'
Error! Bad return status for module build on kernel: 6.17.0-35-generic (x86_64)
Consult /var/lib/dkms/broadcom-sta/6.30.223.271/build/make.log for more information.
dpkg: error processing package broadcom-sta-dkms (--configure):
 installed broadcom-sta-dkms package post-installation script subprocess returned error exit status 10
Errors were encountered while processing:
 broadcom-sta-dkms
E: Sub-process /usr/bin/dpkg returned an error code (1)
